current directory: /Users/saigaikwad/Desktop/online_crime_reporting_3/online_crime_reporting 3/''/gems/puma-6.4.2/ext/puma_http11
/Users/saigaikwad/.rbenv/versions/3.3.4/bin/ruby extconf.rb
checking for BIO_read() in -llibcrypto... no
checking for BIO_read() in -lcrypto... yes
checking for SSL_CTX_new() in -lssl... yes
checking for openssl/bio.h... yes
checking for DTLS_method() in openssl/ssl.h... yes
checking for SSL_CTX_set_session_cache_mode(NULL, 0) in openssl/ssl.h... yes
checking for TLS_server_method() in openssl/ssl.h... yes
checking for SSL_CTX_set_min_proto_version(NULL, 0) in openssl/ssl.h... yes
checking for X509_STORE_up_ref()... yes
checking for SSL_CTX_set_ecdh_auto(NULL, 0) in openssl/ssl.h... yes
checking for SSL_CTX_set_dh_auto(NULL, 0) in openssl/ssl.h... yes
checking for SSL_get1_peer_certificate() in openssl/ssl.h... yes
checking for Random.bytes... yes
creating Makefile

current directory: /Users/saigaikwad/Desktop/online_crime_reporting_3/online_crime_reporting 3/''/gems/puma-6.4.2/ext/puma_http11
make DESTDIR\= sitearchdir\=./.gem.20250928-2475-d90dxk sitelibdir\=./.gem.20250928-2475-d90dxk clean

current directory: /Users/saigaikwad/Desktop/online_crime_reporting_3/online_crime_reporting 3/''/gems/puma-6.4.2/ext/puma_http11
make DESTDIR\= sitearchdir\=./.gem.20250928-2475-d90dxk sitelibdir\=./.gem.20250928-2475-d90dxk
compiling http11_parser.c
compiling mini_ssl.c
compiling puma_http11.c
linking shared-object puma/puma_http11.bundle

current directory: /Users/saigaikwad/Desktop/online_crime_reporting_3/online_crime_reporting 3/''/gems/puma-6.4.2/ext/puma_http11
make DESTDIR\= sitearchdir\=./.gem.20250928-2475-d90dxk sitelibdir\=./.gem.20250928-2475-d90dxk install
/usr/bin/install -c -m 0755 puma_http11.bundle ./.gem.20250928-2475-d90dxk/puma

current directory: /Users/saigaikwad/Desktop/online_crime_reporting_3/online_crime_reporting 3/''/gems/puma-6.4.2/ext/puma_http11
make DESTDIR\= sitearchdir\=./.gem.20250928-2475-d90dxk sitelibdir\=./.gem.20250928-2475-d90dxk clean
