current directory: /Users/saigaikwad/Desktop/online_crime_reporting_3/online_crime_reporting 3/''/gems/prism-1.5.1/ext/prism
/Users/saigaikwad/.rbenv/versions/3.3.4/bin/ruby extconf.rb
checking for prism.h in /Users/saigaikwad/Desktop/online_crime_reporting_3/online_crime_reporting 3/''/gems/prism-1.5.1/include... yes
checking for prism/extension.h in /Users/saigaikwad/Desktop/online_crime_reporting_3/online_crime_reporting 3/''/gems/prism-1.5.1/ext... yes
checking for whether -fvisibility=hidden is accepted as CFLAGS... yes
creating Makefile

current directory: /Users/saigaikwad/Desktop/online_crime_reporting_3/online_crime_reporting 3/''/gems/prism-1.5.1/ext/prism
make DESTDIR\= sitearchdir\=./.gem.20250928-99279-c6is8 sitelibdir\=./.gem.20250928-99279-c6is8 clean

current directory: /Users/saigaikwad/Desktop/online_crime_reporting_3/online_crime_reporting 3/''/gems/prism-1.5.1/ext/prism
make DESTDIR\= sitearchdir\=./.gem.20250928-99279-c6is8 sitelibdir\=./.gem.20250928-99279-c6is8
compiling api_node.c
compiling api_pack.c
compiling extension.c
compiling ./../../src/diagnostic.c
compiling ./../../src/encoding.c
compiling ./../../src/node.c
compiling ./../../src/options.c
compiling ./../../src/pack.c
compiling ./../../src/prettyprint.c
compiling ./../../src/prism.c
compiling ./../../src/regexp.c
compiling ./../../src/serialize.c
compiling ./../../src/static_literals.c
compiling ./../../src/token_type.c
compiling ./../../src/util/pm_buffer.c
compiling ./../../src/util/pm_char.c
compiling ./../../src/util/pm_constant_pool.c
compiling ./../../src/util/pm_integer.c
compiling ./../../src/util/pm_list.c
compiling ./../../src/util/pm_memchr.c
compiling ./../../src/util/pm_newline_list.c
compiling ./../../src/util/pm_string.c
compiling ./../../src/util/pm_strncasecmp.c
compiling ./../../src/util/pm_strpbrk.c
linking shared-object prism/prism.bundle

current directory: /Users/saigaikwad/Desktop/online_crime_reporting_3/online_crime_reporting 3/''/gems/prism-1.5.1/ext/prism
make DESTDIR\= sitearchdir\=./.gem.20250928-99279-c6is8 sitelibdir\=./.gem.20250928-99279-c6is8 install
/usr/bin/install -c -m 0755 prism.bundle ./.gem.20250928-99279-c6is8/prism

current directory: /Users/saigaikwad/Desktop/online_crime_reporting_3/online_crime_reporting 3/''/gems/prism-1.5.1/ext/prism
make DESTDIR\= sitearchdir\=./.gem.20250928-99279-c6is8 sitelibdir\=./.gem.20250928-99279-c6is8 clean
